<?xml version="1.0" encoding="UTF-8"?>
<testng-results ignored="0" total="4" passed="4" failed="0" skipped="0">
  <reporter-output>
  </reporter-output>
  <suite started-at="2020-04-04T01:19:43Z" name="Test suite" finished-at="2020-04-04T01:19:52Z" duration-ms="8849">
    <groups>
    </groups>
    <test started-at="2020-04-04T01:19:43Z" name="Test cases" finished-at="2020-04-04T01:19:52Z" duration-ms="8849">
      <class name="src.logintestcases.Correctboth">
        <test-method signature="loginwithcorrectUsernameandpwd()[pri:0, instance:src.logintestcases.Correctboth@3dfc5fb8]" started-at="2020-04-04T01:19:43Z" name="loginwithcorrectUsernameandpwd" finished-at="2020-04-04T01:19:46Z" duration-ms="2719" status="PASS">
          <reporter-output>
          </reporter-output>
        </test-method> <!-- loginwithcorrectUsernameandpwd -->
      </class> <!-- src.logintestcases.Correctboth -->
      <class name="src.logintestcases.Correctpassword">
        <test-method signature="loginwithcorrectUsernameandpwd()[pri:0, instance:src.logintestcases.Correctpassword@467aecef]" started-at="2020-04-04T01:19:46Z" name="loginwithcorrectUsernameandpwd" finished-at="2020-04-04T01:19:48Z" duration-ms="1958" status="PASS">
          <reporter-output>
          </reporter-output>
        </test-method> <!-- loginwithcorrectUsernameandpwd -->
      </class> <!-- src.logintestcases.Correctpassword -->
      <class name="src.logintestcases.IncorrectUsername">
        <test-method signature="loginwithcorrectUsernameandpwd()[pri:0, instance:src.logintestcases.IncorrectUsername@7e2d773b]" started-at="2020-04-04T01:19:50Z" name="loginwithcorrectUsernameandpwd" finished-at="2020-04-04T01:19:52Z" duration-ms="2080" status="PASS">
          <reporter-output>
          </reporter-output>
        </test-method> <!-- loginwithcorrectUsernameandpwd -->
      </class> <!-- src.logintestcases.IncorrectUsername -->
      <class name="src.logintestcases.Correctusername">
        <test-method signature="loginwithcorrectUsernameandpwd()[pri:0, instance:src.logintestcases.Correctusername@4d50efb8]" started-at="2020-04-04T01:19:48Z" name="loginwithcorrectUsernameandpwd" finished-at="2020-04-04T01:19:50Z" duration-ms="2069" status="PASS">
          <reporter-output>
          </reporter-output>
        </test-method> <!-- loginwithcorrectUsernameandpwd -->
      </class> <!-- src.logintestcases.Correctusername -->
    </test> <!-- Test cases -->
  </suite> <!-- Test suite -->
</testng-results>
