<?xml version="1.0" encoding="UTF-8"?>
<!-- Generated by org.testng.reporters.JUnitXMLReporter -->
<testsuite ignored="0" hostname="Ramsubramanians-MacBook-Pro.local" failures="0" tests="4" name="Test cases" time="8.849" errors="0" timestamp="04 Apr 2020 01:19:52 GMT">
  <testcase classname="src.logintestcases.Correctboth" name="loginwithcorrectUsernameandpwd" time="2.719"/>
  <testcase classname="src.logintestcases.Correctpassword" name="loginwithcorrectUsernameandpwd" time="1.958"/>
  <testcase classname="src.logintestcases.Correctusername" name="loginwithcorrectUsernameandpwd" time="2.069"/>
  <testcase classname="src.logintestcases.IncorrectUsername" name="loginwithcorrectUsernameandpwd" time="2.08"/>
</testsuite> <!-- Test cases -->
